{"total": {"lines":{"total":575,"covered":575,"skipped":0,"pct":100},"statements":{"total":575,"covered":575,"skipped":0,"pct":100},"functions":{"total":43,"covered":43,"skipped":0,"pct":100},"branches":{"total":151,"covered":151,"skipped":0,"pct":100},"branchesTrue":{"total":0,"covered":0,"skipped":0,"pct":"Unknown"}}
,"/home/runner/work/nanomessage/nanomessage/src/codec.js": {"lines":{"total":78,"covered":78,"skipped":0,"pct":100},"functions":{"total":6,"covered":6,"skipped":0,"pct":100},"statements":{"total":78,"covered":78,"skipped":0,"pct":100},"branches":{"total":20,"covered":20,"skipped":0,"pct":100}}
,"/home/runner/work/nanomessage/nanomessage/src/errors.js": {"lines":{"total":34,"covered":34,"skipped":0,"pct":100},"functions":{"total":3,"covered":3,"skipped":0,"pct":100},"statements":{"total":34,"covered":34,"skipped":0,"pct":100},"branches":{"total":6,"covered":6,"skipped":0,"pct":100}}
,"/home/runner/work/nanomessage/nanomessage/src/id-generator.js": {"lines":{"total":18,"covered":18,"skipped":0,"pct":100},"functions":{"total":3,"covered":3,"skipped":0,"pct":100},"statements":{"total":18,"covered":18,"skipped":0,"pct":100},"branches":{"total":6,"covered":6,"skipped":0,"pct":100}}
,"/home/runner/work/nanomessage/nanomessage/src/nanomessage.js": {"lines":{"total":333,"covered":333,"skipped":0,"pct":100},"functions":{"total":19,"covered":19,"skipped":0,"pct":100},"statements":{"total":333,"covered":333,"skipped":0,"pct":100},"branches":{"total":90,"covered":90,"skipped":0,"pct":100}}
,"/home/runner/work/nanomessage/nanomessage/src/request.js": {"lines":{"total":112,"covered":112,"skipped":0,"pct":100},"functions":{"total":12,"covered":12,"skipped":0,"pct":100},"statements":{"total":112,"covered":112,"skipped":0,"pct":100},"branches":{"total":29,"covered":29,"skipped":0,"pct":100}}
}
